2021/12/21 15:36:07 [emerg] 1#1: invalid host in upstream "http://identity:9000" in /etc/nginx/conf.d/default.conf:26
2021/12/21 15:36:07 [emerg] 1#1: invalid host in upstream "http://tasks:9000" in /etc/nginx/conf.d/default.conf:26
2021/12/21 15:36:08 [emerg] 1#1: invalid host in upstream "http://identity:9000" in /etc/nginx/conf.d/default.conf:26
2021/12/21 15:36:08 [emerg] 1#1: invalid host in upstream "http://tasks:9000" in /etc/nginx/conf.d/default.conf:26
2021/12/21 15:36:09 [emerg] 1#1: invalid host in upstream "http://identity:9000" in /etc/nginx/conf.d/default.conf:26
2021/12/21 15:36:09 [emerg] 1#1: invalid host in upstream "http://tasks:9000" in /etc/nginx/conf.d/default.conf:26
2021/12/21 15:36:11 [emerg] 1#1: invalid host in upstream "http://tasks:9000" in /etc/nginx/conf.d/default.conf:26
2021/12/21 15:36:11 [emerg] 1#1: invalid host in upstream "http://identity:9000" in /etc/nginx/conf.d/default.conf:26
2021/12/21 15:36:12 [emerg] 1#1: invalid host in upstream "http://identity:9000" in /etc/nginx/conf.d/default.conf:26
2021/12/21 15:36:12 [emerg] 1#1: invalid host in upstream "http://tasks:9000" in /etc/nginx/conf.d/default.conf:26
2021/12/21 15:36:14 [emerg] 1#1: invalid host in upstream "http://tasks:9000" in /etc/nginx/conf.d/default.conf:26
2021/12/21 15:36:14 [emerg] 1#1: invalid host in upstream "http://identity:9000" in /etc/nginx/conf.d/default.conf:26
2021/12/21 15:36:18 [emerg] 1#1: invalid host in upstream "http://identity:9000" in /etc/nginx/conf.d/default.conf:26
2021/12/21 15:36:18 [emerg] 1#1: invalid host in upstream "http://tasks:9000" in /etc/nginx/conf.d/default.conf:26
2021/12/21 15:36:25 [emerg] 1#1: invalid host in upstream "http://identity:9000" in /etc/nginx/conf.d/default.conf:26
2021/12/21 15:36:25 [emerg] 1#1: invalid host in upstream "http://tasks:9000" in /etc/nginx/conf.d/default.conf:26
2021/12/21 15:36:38 [emerg] 1#1: invalid host in upstream "http://identity:9000" in /etc/nginx/conf.d/default.conf:26
2021/12/21 15:36:39 [emerg] 1#1: host not found in upstream "tasks-service" in /etc/nginx/conf.d/default.conf:26
2021/12/21 15:37:04 [emerg] 1#1: host not found in upstream "identity-service" in /etc/nginx/conf.d/default.conf:26
2021/12/21 15:37:10 [emerg] 1#1: host not found in upstream "tasks-service" in /etc/nginx/conf.d/default.conf:26
2021/12/21 15:38:01 [emerg] 1#1: host not found in upstream "identity-service" in /etc/nginx/conf.d/default.conf:26
2021/12/21 15:38:07 [emerg] 1#1: host not found in upstream "tasks-service" in /etc/nginx/conf.d/default.conf:26
2021/12/22 08:17:35 [emerg] 1#1: cannot load certificate "/etc/nginx/ssl/nginx.crt": BIO_new_file() failed (SSL: error:02001002:system library:fopen:No such file or directory:fopen('/etc/nginx/ssl/nginx.crt','r') error:2006D080:BIO routines:BIO_new_file:no such file)
2021/12/22 08:17:36 [emerg] 1#1: cannot load certificate "/etc/nginx/ssl/nginx.crt": BIO_new_file() failed (SSL: error:02001002:system library:fopen:No such file or directory:fopen('/etc/nginx/ssl/nginx.crt','r') error:2006D080:BIO routines:BIO_new_file:no such file)
2021/12/22 08:17:37 [emerg] 1#1: cannot load certificate "/etc/nginx/ssl/nginx.crt": BIO_new_file() failed (SSL: error:02001002:system library:fopen:No such file or directory:fopen('/etc/nginx/ssl/nginx.crt','r') error:2006D080:BIO routines:BIO_new_file:no such file)
2021/12/22 08:17:41 [emerg] 1#1: host not found in upstream "tasks" in /etc/nginx/conf.d/default.conf:19
2021/12/22 08:17:47 [emerg] 1#1: host not found in upstream "tasks" in /etc/nginx/conf.d/default.conf:19
2021/12/22 08:17:54 [emerg] 1#1: host not found in upstream "tasks" in /etc/nginx/conf.d/default.conf:19
2021/12/22 08:18:03 [emerg] 1#1: host not found in upstream "tasks" in /etc/nginx/conf.d/default.conf:19
2021/12/22 08:18:15 [emerg] 1#1: host not found in upstream "tasks" in /etc/nginx/conf.d/default.conf:19
2021/12/22 08:18:34 [emerg] 1#1: host not found in upstream "tasks" in /etc/nginx/conf.d/default.conf:19
2021/12/22 08:19:05 [emerg] 1#1: host not found in upstream "tasks" in /etc/nginx/conf.d/default.conf:19
2021/12/22 08:20:01 [emerg] 1#1: host not found in upstream "tasks" in /etc/nginx/conf.d/default.conf:19
2021/12/22 08:21:07 [emerg] 1#1: host not found in upstream "tasks" in /etc/nginx/conf.d/default.conf:19
2021/12/22 08:22:13 [emerg] 1#1: host not found in upstream "tasks" in /etc/nginx/conf.d/default.conf:19
2021/12/22 09:14:24 [emerg] 1#1: cannot load certificate "/etc/nginx/ssl/nginx.crt": BIO_new_file() failed (SSL: error:02001002:system library:fopen:No such file or directory:fopen('/etc/nginx/ssl/nginx.crt','r') error:2006D080:BIO routines:BIO_new_file:no such file)
2021/12/22 09:14:25 [emerg] 1#1: cannot load certificate "/etc/nginx/ssl/nginx.crt": BIO_new_file() failed (SSL: error:02001002:system library:fopen:No such file or directory:fopen('/etc/nginx/ssl/nginx.crt','r') error:2006D080:BIO routines:BIO_new_file:no such file)
2021/12/22 09:14:26 [emerg] 1#1: cannot load certificate "/etc/nginx/ssl/nginx.crt": BIO_new_file() failed (SSL: error:02001002:system library:fopen:No such file or directory:fopen('/etc/nginx/ssl/nginx.crt','r') error:2006D080:BIO routines:BIO_new_file:no such file)
2021/12/22 09:14:27 [emerg] 1#1: cannot load certificate "/etc/nginx/ssl/nginx.crt": BIO_new_file() failed (SSL: error:02001002:system library:fopen:No such file or directory:fopen('/etc/nginx/ssl/nginx.crt','r') error:2006D080:BIO routines:BIO_new_file:no such file)
2021/12/22 09:14:28 [emerg] 1#1: cannot load certificate "/etc/nginx/ssl/nginx.crt": BIO_new_file() failed (SSL: error:02001002:system library:fopen:No such file or directory:fopen('/etc/nginx/ssl/nginx.crt','r') error:2006D080:BIO routines:BIO_new_file:no such file)
2021/12/22 09:14:30 [emerg] 1#1: host not found in upstream "tasks" in /etc/nginx/conf.d/default.conf:19
2021/12/22 09:14:39 [emerg] 1#1: host not found in upstream "tasks" in /etc/nginx/conf.d/default.conf:19
2021/12/22 09:14:50 [emerg] 1#1: host not found in upstream "tasks" in /etc/nginx/conf.d/default.conf:19
2021/12/22 09:15:09 [emerg] 1#1: host not found in upstream "tasks" in /etc/nginx/conf.d/default.conf:19
2021/12/22 09:23:47 [emerg] 1#1: cannot load certificate "/etc/nginx/ssl/nginx.crt": BIO_new_file() failed (SSL: error:02001002:system library:fopen:No such file or directory:fopen('/etc/nginx/ssl/nginx.crt','r') error:2006D080:BIO routines:BIO_new_file:no such file)
2021/12/22 09:23:48 [emerg] 1#1: cannot load certificate "/etc/nginx/ssl/nginx.crt": BIO_new_file() failed (SSL: error:02001002:system library:fopen:No such file or directory:fopen('/etc/nginx/ssl/nginx.crt','r') error:2006D080:BIO routines:BIO_new_file:no such file)
2021/12/22 09:23:49 [emerg] 1#1: cannot load certificate "/etc/nginx/ssl/nginx.crt": BIO_new_file() failed (SSL: error:02001002:system library:fopen:No such file or directory:fopen('/etc/nginx/ssl/nginx.crt','r') error:2006D080:BIO routines:BIO_new_file:no such file)
2021/12/22 09:23:50 [emerg] 1#1: cannot load certificate "/etc/nginx/ssl/nginx.crt": BIO_new_file() failed (SSL: error:02001002:system library:fopen:No such file or directory:fopen('/etc/nginx/ssl/nginx.crt','r') error:2006D080:BIO routines:BIO_new_file:no such file)
2021/12/22 09:23:52 [emerg] 1#1: cannot load certificate "/etc/nginx/ssl/nginx.crt": BIO_new_file() failed (SSL: error:02001002:system library:fopen:No such file or directory:fopen('/etc/nginx/ssl/nginx.crt','r') error:2006D080:BIO routines:BIO_new_file:no such file)
2021/12/22 09:23:54 [emerg] 1#1: host not found in upstream "tasks" in /etc/nginx/conf.d/default.conf:19
2021/12/22 09:24:03 [emerg] 1#1: host not found in upstream "tasks" in /etc/nginx/conf.d/default.conf:19
2021/12/22 09:24:14 [emerg] 1#1: host not found in upstream "tasks" in /etc/nginx/conf.d/default.conf:19
2021/12/22 09:24:33 [emerg] 1#1: host not found in upstream "tasks" in /etc/nginx/conf.d/default.conf:19
2021/12/22 09:25:04 [emerg] 1#1: host not found in upstream "tasks" in /etc/nginx/conf.d/default.conf:19
2021/12/22 09:26:01 [emerg] 1#1: host not found in upstream "tasks" in /etc/nginx/conf.d/default.conf:19
2021/12/22 09:27:06 [emerg] 1#1: host not found in upstream "tasks" in /etc/nginx/conf.d/default.conf:19
2021/12/22 09:28:12 [emerg] 1#1: host not found in upstream "tasks" in /etc/nginx/conf.d/default.conf:19
2021/12/22 09:29:17 [emerg] 1#1: host not found in upstream "tasks" in /etc/nginx/conf.d/default.conf:19
2021/12/22 09:30:23 [emerg] 1#1: host not found in upstream "tasks" in /etc/nginx/conf.d/default.conf:19
2021/12/22 09:31:28 [emerg] 1#1: host not found in upstream "tasks" in /etc/nginx/conf.d/default.conf:19
2021/12/22 10:02:25 [emerg] 1#1: cannot load certificate "/etc/nginx/ssl/nginx.crt": BIO_new_file() failed (SSL: error:02001002:system library:fopen:No such file or directory:fopen('/etc/nginx/ssl/nginx.crt','r') error:2006D080:BIO routines:BIO_new_file:no such file)
2021/12/22 10:02:26 [emerg] 1#1: cannot load certificate "/etc/nginx/ssl/nginx.crt": BIO_new_file() failed (SSL: error:02001002:system library:fopen:No such file or directory:fopen('/etc/nginx/ssl/nginx.crt','r') error:2006D080:BIO routines:BIO_new_file:no such file)
2021/12/22 10:02:27 [emerg] 1#1: cannot load certificate "/etc/nginx/ssl/nginx.crt": BIO_new_file() failed (SSL: error:02001002:system library:fopen:No such file or directory:fopen('/etc/nginx/ssl/nginx.crt','r') error:2006D080:BIO routines:BIO_new_file:no such file)
2021/12/22 10:02:28 [emerg] 1#1: cannot load certificate "/etc/nginx/ssl/nginx.crt": BIO_new_file() failed (SSL: error:02001002:system library:fopen:No such file or directory:fopen('/etc/nginx/ssl/nginx.crt','r') error:2006D080:BIO routines:BIO_new_file:no such file)
2021/12/22 10:02:29 [emerg] 1#1: cannot load certificate "/etc/nginx/ssl/nginx.crt": BIO_new_file() failed (SSL: error:02001002:system library:fopen:No such file or directory:fopen('/etc/nginx/ssl/nginx.crt','r') error:2006D080:BIO routines:BIO_new_file:no such file)
2021/12/22 10:02:31 [emerg] 1#1: host not found in upstream "tasks" in /etc/nginx/conf.d/default.conf:19
2021/12/22 10:02:40 [emerg] 1#1: host not found in upstream "tasks" in /etc/nginx/conf.d/default.conf:19
2021/12/22 10:02:52 [emerg] 1#1: host not found in upstream "tasks" in /etc/nginx/conf.d/default.conf:19
2021/12/22 10:03:10 [emerg] 1#1: host not found in upstream "tasks" in /etc/nginx/conf.d/default.conf:19
2021/12/22 10:03:41 [emerg] 1#1: host not found in upstream "tasks" in /etc/nginx/conf.d/default.conf:19
2021/12/22 10:04:38 [emerg] 1#1: host not found in upstream "tasks" in /etc/nginx/conf.d/default.conf:19
2021/12/22 10:05:43 [emerg] 1#1: host not found in upstream "tasks" in /etc/nginx/conf.d/default.conf:19
2021/12/22 10:07:35 [emerg] 1#1: cannot load certificate "/etc/nginx/ssl/nginx.crt": BIO_new_file() failed (SSL: error:02001002:system library:fopen:No such file or directory:fopen('/etc/nginx/ssl/nginx.crt','r') error:2006D080:BIO routines:BIO_new_file:no such file)
2021/12/22 10:07:36 [emerg] 1#1: cannot load certificate "/etc/nginx/ssl/nginx.crt": BIO_new_file() failed (SSL: error:02001002:system library:fopen:No such file or directory:fopen('/etc/nginx/ssl/nginx.crt','r') error:2006D080:BIO routines:BIO_new_file:no such file)
2021/12/22 10:07:37 [emerg] 1#1: cannot load certificate "/etc/nginx/ssl/nginx.crt": BIO_new_file() failed (SSL: error:02001002:system library:fopen:No such file or directory:fopen('/etc/nginx/ssl/nginx.crt','r') error:2006D080:BIO routines:BIO_new_file:no such file)
2021/12/22 10:07:38 [emerg] 1#1: cannot load certificate "/etc/nginx/ssl/nginx.crt": BIO_new_file() failed (SSL: error:02001002:system library:fopen:No such file or directory:fopen('/etc/nginx/ssl/nginx.crt','r') error:2006D080:BIO routines:BIO_new_file:no such file)
2021/12/22 10:07:39 [emerg] 1#1: cannot load certificate "/etc/nginx/ssl/nginx.crt": BIO_new_file() failed (SSL: error:02001002:system library:fopen:No such file or directory:fopen('/etc/nginx/ssl/nginx.crt','r') error:2006D080:BIO routines:BIO_new_file:no such file)
2021/12/22 10:07:41 [emerg] 1#1: cannot load certificate "/etc/nginx/ssl/nginx.crt": BIO_new_file() failed (SSL: error:02001002:system library:fopen:No such file or directory:fopen('/etc/nginx/ssl/nginx.crt','r') error:2006D080:BIO routines:BIO_new_file:no such file)
2021/12/22 10:07:45 [emerg] 1#1: cannot load certificate "/etc/nginx/ssl/nginx.crt": BIO_new_file() failed (SSL: error:02001002:system library:fopen:No such file or directory:fopen('/etc/nginx/ssl/nginx.crt','r') error:2006D080:BIO routines:BIO_new_file:no such file)
2021/12/22 10:07:51 [emerg] 1#1: cannot load certificate "/etc/nginx/ssl/nginx.crt": BIO_new_file() failed (SSL: error:02001002:system library:fopen:No such file or directory:fopen('/etc/nginx/ssl/nginx.crt','r') error:2006D080:BIO routines:BIO_new_file:no such file)
2021/12/22 10:08:05 [emerg] 1#1: cannot load certificate "/etc/nginx/ssl/nginx.crt": BIO_new_file() failed (SSL: error:02001002:system library:fopen:No such file or directory:fopen('/etc/nginx/ssl/nginx.crt','r') error:2006D080:BIO routines:BIO_new_file:no such file)
2021/12/22 10:08:31 [emerg] 1#1: cannot load certificate "/etc/nginx/ssl/nginx.crt": BIO_new_file() failed (SSL: error:02001002:system library:fopen:No such file or directory:fopen('/etc/nginx/ssl/nginx.crt','r') error:2006D080:BIO routines:BIO_new_file:no such file)
2021/12/22 10:09:23 [emerg] 1#1: cannot load certificate "/etc/nginx/ssl/nginx.crt": BIO_new_file() failed (SSL: error:02001002:system library:fopen:No such file or directory:fopen('/etc/nginx/ssl/nginx.crt','r') error:2006D080:BIO routines:BIO_new_file:no such file)
